0 info it worked if it ends with ok
1 verbose cli [ 'C:\\Program Files\\nodejs\\\\node.exe',
1 verbose cli   'C:\\Program Files\\nodejs\\node_modules\\npm\\bin\\npm-cli.js',
1 verbose cli   'install',
1 verbose cli   'onoff',
1 verbose cli   '--save' ]
2 info using npm@2.5.1
3 info using node@v0.12.0
4 verbose node symlink C:\Program Files\nodejs\\node.exe
5 warn package.json twitter-node-client@0.0.6 No repository field.
6 silly cache add args [ 'onoff', null ]
7 verbose cache add spec onoff
8 silly cache add parsed spec { raw: 'onoff',
8 silly cache add   scope: null,
8 silly cache add   name: 'onoff',
8 silly cache add   rawSpec: '',
8 silly cache add   spec: '*',
8 silly cache add   type: 'range' }
9 verbose addNamed onoff@*
10 silly addNamed semver.valid null
11 silly addNamed semver.validRange *
12 silly addNameRange { name: 'onoff', range: '*', hasData: false }
13 silly mapToRegistry name onoff
14 silly mapToRegistry using default registry
15 silly mapToRegistry registry https://registry.npmjs.org/
16 silly mapToRegistry uri https://registry.npmjs.org/onoff
17 verbose addNameRange registry:https://registry.npmjs.org/onoff not in flight; fetching
18 verbose request uri https://registry.npmjs.org/onoff
19 verbose request no auth needed
20 info attempt registry request try #1 at 6:47:36 PM
21 verbose request id e6281db0b21b279f
22 verbose etag "5H7JMPD9MS67F384UW2LS93S0"
23 http request GET https://registry.npmjs.org/onoff
24 http 304 https://registry.npmjs.org/onoff
25 silly get cb [ 304,
25 silly get   { date: 'Fri, 15 Apr 2016 23:47:37 GMT',
25 silly get     via: '1.1 varnish',
25 silly get     'cache-control': 'max-age=300',
25 silly get     etag: '"5H7JMPD9MS67F384UW2LS93S0"',
25 silly get     age: '0',
25 silly get     connection: 'keep-alive',
25 silly get     'x-served-by': 'cache-ord1720-ORD',
25 silly get     'x-cache': 'MISS',
25 silly get     'x-cache-hits': '0',
25 silly get     'x-timer': 'S1460764057.350608,VS0,VE30',
25 silly get     vary: 'Accept-Encoding' } ]
26 verbose etag https://registry.npmjs.org/onoff from cache
27 verbose get saving onoff to C:\Users\Auz\AppData\Roaming\npm-cache\registry.npmjs.org\onoff\.cache.json
28 silly addNameRange number 2 { name: 'onoff', range: '*', hasData: true }
29 silly addNameRange versions [ 'onoff',
29 silly addNameRange   [ '0.0.1',
29 silly addNameRange     '0.1.0',
29 silly addNameRange     '0.1.2',
29 silly addNameRange     '0.1.3',
29 silly addNameRange     '0.1.4',
29 silly addNameRange     '0.1.5',
29 silly addNameRange     '0.1.6',
29 silly addNameRange     '0.1.7',
29 silly addNameRange     '0.2.0',
29 silly addNameRange     '0.2.1',
29 silly addNameRange     '0.2.2',
29 silly addNameRange     '0.2.3',
29 silly addNameRange     '0.3.0',
29 silly addNameRange     '0.3.1',
29 silly addNameRange     '0.3.2',
29 silly addNameRange     '1.0.0',
29 silly addNameRange     '1.0.1',
29 silly addNameRange     '1.0.2',
29 silly addNameRange     '1.0.3',
29 silly addNameRange     '1.0.4' ] ]
30 verbose addNamed onoff@1.0.4
31 silly addNamed semver.valid 1.0.4
32 silly addNamed semver.validRange 1.0.4
33 silly cache afterAdd onoff@1.0.4
34 verbose afterAdd C:\Users\Auz\AppData\Roaming\npm-cache\onoff\1.0.4\package\package.json not in flight; writing
35 verbose afterAdd C:\Users\Auz\AppData\Roaming\npm-cache\onoff\1.0.4\package\package.json written
36 silly install resolved [ { name: 'onoff',
36 silly install resolved     version: '1.0.4',
36 silly install resolved     description: 'GPIO access and interrupt detection with JavaScript',
36 silly install resolved     main: 'onoff.js',
36 silly install resolved     directories: { example: 'examples', test: 'test' },
36 silly install resolved     scripts: { test: 'echo "Tests can only be run manually from the command line. They access hardware GPIOs." && exit 1' },
36 silly install resolved     repository: { type: 'git', url: 'git+https://github.com/fivdi/onoff.git' },
36 silly install resolved     engines: { node: '>=0.8.0' },
36 silly install resolved     dependencies: { epoll: '~0.1.17' },
36 silly install resolved     keywords:
36 silly install resolved      [ 'gpio',
36 silly install resolved        'embedded',
36 silly install resolved        'interrupt',
36 silly install resolved        'beaglebone',
36 silly install resolved        'bbb',
36 silly install resolved        'bb',
36 silly install resolved        'raspberry',
36 silly install resolved        'raspi',
36 silly install resolved        'rpi',
36 silly install resolved        'pi',
36 silly install resolved        'linux' ],
36 silly install resolved     author: { name: 'fivdi' },
36 silly install resolved     license: 'MIT',
36 silly install resolved     gitHead: 'e918dccccfd29978b054e49a535269e882a6ba06',
36 silly install resolved     bugs: { url: 'https://github.com/fivdi/onoff/issues' },
36 silly install resolved     homepage: 'https://github.com/fivdi/onoff#readme',
36 silly install resolved     _id: 'onoff@1.0.4',
36 silly install resolved     _shasum: '4630dedb97a110a698d0f16b7f20f6f07f4e6641',
36 silly install resolved     _from: 'onoff@*',
36 silly install resolved     _npmVersion: '2.14.4',
36 silly install resolved     _nodeVersion: '4.1.1',
36 silly install resolved     _npmUser: { name: 'fivdi', email: 'fivdiweb@gmail.com' },
36 silly install resolved     maintainers: [ [Object] ],
36 silly install resolved     dist:
36 silly install resolved      { shasum: '4630dedb97a110a698d0f16b7f20f6f07f4e6641',
36 silly install resolved        tarball: 'https://registry.npmjs.org/onoff/-/onoff-1.0.4.tgz' },
36 silly install resolved     _resolved: 'https://registry.npmjs.org/onoff/-/onoff-1.0.4.tgz',
36 silly install resolved     readme: 'ERROR: No README data found!' } ]
37 info install onoff@1.0.4 into C:\Users\Auz\dev\treat_tweet
38 info installOne onoff@1.0.4
39 verbose installOne of onoff to C:\Users\Auz\dev\treat_tweet not in flight; installing
40 verbose lock using C:\Users\Auz\AppData\Roaming\npm-cache\_locks\onoff-a9649551887e2167.lock for C:\Users\Auz\dev\treat_tweet\node_modules\onoff
41 silly install write writing onoff 1.0.4 to C:\Users\Auz\dev\treat_tweet\node_modules\onoff
42 silly cache addNamed cb onoff@1.0.4
43 verbose unbuild node_modules\onoff
44 verbose gentlyRm vacuuming C:\Users\Auz\dev\treat_tweet\node_modules\onoff
45 verbose tar unpack C:\Users\Auz\AppData\Roaming\npm-cache\onoff\1.0.4\package.tgz
46 verbose tar unpacking to C:\Users\Auz\dev\treat_tweet\node_modules\onoff
47 verbose gentlyRm vacuuming C:\Users\Auz\dev\treat_tweet\node_modules\onoff
48 silly gunzTarPerm modes [ '777', '666' ]
49 silly gunzTarPerm extractEntry package.json
50 silly gunzTarPerm modified mode [ 'package.json', 436, 438 ]
51 silly gunzTarPerm extractEntry .npmignore
52 silly gunzTarPerm modified mode [ '.npmignore', 436, 438 ]
53 silly gunzTarPerm extractEntry README.md
54 silly gunzTarPerm modified mode [ 'README.md', 436, 438 ]
55 silly gunzTarPerm extractEntry LICENSE
56 silly gunzTarPerm modified mode [ 'LICENSE', 436, 438 ]
57 silly gunzTarPerm extractEntry onoff.js
58 silly gunzTarPerm modified mode [ 'onoff.js', 436, 438 ]
59 silly gunzTarPerm extractEntry History.md
60 silly gunzTarPerm modified mode [ 'History.md', 436, 438 ]
61 silly gunzTarPerm extractEntry examples/blink-led-async.js
62 silly gunzTarPerm modified mode [ 'examples/blink-led-async.js', 436, 438 ]
63 silly gunzTarPerm extractEntry examples/blink-led.js
64 silly gunzTarPerm modified mode [ 'examples/blink-led.js', 436, 438 ]
65 silly gunzTarPerm extractEntry examples/light-switch.js
66 silly gunzTarPerm modified mode [ 'examples/light-switch.js', 436, 438 ]
67 silly gunzTarPerm extractEntry examples/wait-for-interrupt.js
68 silly gunzTarPerm modified mode [ 'examples/wait-for-interrupt.js', 436, 438 ]
69 silly gunzTarPerm extractEntry examples/light-switch.png
70 silly gunzTarPerm modified mode [ 'examples/light-switch.png', 436, 438 ]
71 silly gunzTarPerm extractEntry examples/mygpio-overlay.dts
72 silly gunzTarPerm modified mode [ 'examples/mygpio-overlay.dts', 436, 438 ]
73 silly gunzTarPerm extractEntry examples/run-examples
74 silly gunzTarPerm modified mode [ 'examples/run-examples', 509, 511 ]
75 silly gunzTarPerm extractEntry test/blink-led.js
76 silly gunzTarPerm modified mode [ 'test/blink-led.js', 436, 438 ]
77 silly gunzTarPerm extractEntry test/configure-and-check-output.js
78 silly gunzTarPerm modified mode [ 'test/configure-and-check-output.js', 436, 438 ]
79 silly gunzTarPerm extractEntry test/export-many-times.js
80 silly gunzTarPerm modified mode [ 'test/export-many-times.js', 436, 438 ]
81 silly gunzTarPerm extractEntry test/many-interrupts.js
82 silly gunzTarPerm modified mode [ 'test/many-interrupts.js', 436, 438 ]
83 silly gunzTarPerm extractEntry test/configure-and-check-input.js
84 silly gunzTarPerm modified mode [ 'test/configure-and-check-input.js', 436, 438 ]
85 silly gunzTarPerm extractEntry test/performance-interrupt.js
86 silly gunzTarPerm modified mode [ 'test/performance-interrupt.js', 436, 438 ]
87 silly gunzTarPerm extractEntry test/performance-sync.js
88 silly gunzTarPerm modified mode [ 'test/performance-sync.js', 436, 438 ]
89 silly gunzTarPerm extractEntry test/wait-for-interrupt.js
90 silly gunzTarPerm modified mode [ 'test/wait-for-interrupt.js', 436, 438 ]
91 silly gunzTarPerm extractEntry test/wait-for-many-interrupts.js
92 silly gunzTarPerm modified mode [ 'test/wait-for-many-interrupts.js', 436, 438 ]
93 silly gunzTarPerm extractEntry test/performance-async.js
94 silly gunzTarPerm modified mode [ 'test/performance-async.js', 436, 438 ]
95 silly gunzTarPerm extractEntry test/run-tests
96 silly gunzTarPerm modified mode [ 'test/run-tests', 509, 511 ]
97 info preinstall onoff@1.0.4
98 silly prepareForInstallMany adding epoll@~0.1.17 from onoff dependencies
99 silly cache add args [ 'epoll@~0.1.17', null ]
100 verbose cache add spec epoll@~0.1.17
101 silly cache add parsed spec { raw: 'epoll@~0.1.17',
101 silly cache add   scope: null,
101 silly cache add   name: 'epoll',
101 silly cache add   rawSpec: '~0.1.17',
101 silly cache add   spec: '>=0.1.17 <0.2.0',
101 silly cache add   type: 'range' }
102 verbose addNamed epoll@>=0.1.17 <0.2.0
103 silly addNamed semver.valid null
104 silly addNamed semver.validRange >=0.1.17 <0.2.0
105 silly addNameRange { name: 'epoll', range: '>=0.1.17 <0.2.0', hasData: false }
106 silly mapToRegistry name epoll
107 silly mapToRegistry using default registry
108 silly mapToRegistry registry https://registry.npmjs.org/
109 silly mapToRegistry uri https://registry.npmjs.org/epoll
110 verbose addNameRange registry:https://registry.npmjs.org/epoll not in flight; fetching
111 verbose request uri https://registry.npmjs.org/epoll
112 verbose request no auth needed
113 info attempt registry request try #1 at 6:47:37 PM
114 verbose etag "6WZ73CR3UE3D2D3OPP56GN2SE"
115 http request GET https://registry.npmjs.org/epoll
116 http 304 https://registry.npmjs.org/epoll
117 silly get cb [ 304,
117 silly get   { date: 'Fri, 15 Apr 2016 23:47:37 GMT',
117 silly get     via: '1.1 varnish',
117 silly get     'cache-control': 'max-age=300',
117 silly get     etag: '"6WZ73CR3UE3D2D3OPP56GN2SE"',
117 silly get     age: '0',
117 silly get     connection: 'keep-alive',
117 silly get     'x-served-by': 'cache-ord1727-ORD',
117 silly get     'x-cache': 'MISS',
117 silly get     'x-cache-hits': '0',
117 silly get     'x-timer': 'S1460764057.702620,VS0,VE129',
117 silly get     vary: 'Accept-Encoding' } ]
118 verbose etag https://registry.npmjs.org/epoll from cache
119 verbose get saving epoll to C:\Users\Auz\AppData\Roaming\npm-cache\registry.npmjs.org\epoll\.cache.json
120 silly addNameRange number 2 { name: 'epoll', range: '>=0.1.17 <0.2.0', hasData: true }
121 silly addNameRange versions [ 'epoll',
121 silly addNameRange   [ '0.0.1',
121 silly addNameRange     '0.0.2',
121 silly addNameRange     '0.0.3',
121 silly addNameRange     '0.0.4',
121 silly addNameRange     '0.0.5',
121 silly addNameRange     '0.0.6',
121 silly addNameRange     '0.0.7',
121 silly addNameRange     '0.0.8',
121 silly addNameRange     '0.1.0',
121 silly addNameRange     '0.1.1',
121 silly addNameRange     '0.1.2',
121 silly addNameRange     '0.1.3',
121 silly addNameRange     '0.1.4',
121 silly addNameRange     '0.1.5',
121 silly addNameRange     '0.1.7',
121 silly addNameRange     '0.1.8',
121 silly addNameRange     '0.1.9',
121 silly addNameRange     '0.1.10',
121 silly addNameRange     '0.1.11',
121 silly addNameRange     '0.1.12',
121 silly addNameRange     '0.1.13',
121 silly addNameRange     '0.1.14',
121 silly addNameRange     '0.1.15',
121 silly addNameRange     '0.1.16',
121 silly addNameRange     '0.1.17' ] ]
122 verbose addNamed epoll@0.1.17
123 silly addNamed semver.valid 0.1.17
124 silly addNamed semver.validRange 0.1.17
125 silly cache afterAdd epoll@0.1.17
126 verbose afterAdd C:\Users\Auz\AppData\Roaming\npm-cache\epoll\0.1.17\package\package.json not in flight; writing
127 verbose afterAdd C:\Users\Auz\AppData\Roaming\npm-cache\epoll\0.1.17\package\package.json written
128 silly install resolved [ { name: 'epoll',
128 silly install resolved     version: '0.1.17',
128 silly install resolved     description: 'A low-level Node.js binding for the Linux epoll API',
128 silly install resolved     main: 'epoll.js',
128 silly install resolved     directories: { example: 'example', test: 'test' },
128 silly install resolved     scripts:
128 silly install resolved      { test: 'echo "Tests can only be run manually from the command line." && exit 1',
128 silly install resolved        install: 'node-gyp rebuild' },
128 silly install resolved     repository: { type: 'git', url: 'git+https://github.com/fivdi/epoll.git' },
128 silly install resolved     engines: { node: '>=0.8.0' },
128 silly install resolved     dependencies: { bindings: '~1.2.1', nan: '~2.2.0' },
128 silly install resolved     keywords:
128 silly install resolved      [ 'epoll',
128 silly install resolved        'epollpri',
128 silly install resolved        'poll',
128 silly install resolved        'pollpri',
128 silly install resolved        'gpio',
128 silly install resolved        'interrupt',
128 silly install resolved        'linux' ],
128 silly install resolved     author: { name: 'fivdi' },
128 silly install resolved     license: 'MIT',
128 silly install resolved     gypfile: true,
128 silly install resolved     gitHead: '39307e6b9ec315a66dd6d2ea983666dd43ac8812',
128 silly install resolved     bugs: { url: 'https://github.com/fivdi/epoll/issues' },
128 silly install resolved     homepage: 'https://github.com/fivdi/epoll#readme',
128 silly install resolved     _id: 'epoll@0.1.17',
128 silly install resolved     _shasum: '6a01e6278895ca5ce776731b5e56b23fe1fb9cfa',
128 silly install resolved     _from: 'epoll@>=0.1.17 <0.2.0',
128 silly install resolved     _npmVersion: '2.14.4',
128 silly install resolved     _nodeVersion: '4.1.1',
128 silly install resolved     _npmUser: { name: 'fivdi', email: 'fivdiweb@gmail.com' },
128 silly install resolved     maintainers: [ [Object] ],
128 silly install resolved     dist:
128 silly install resolved      { shasum: '6a01e6278895ca5ce776731b5e56b23fe1fb9cfa',
128 silly install resolved        tarball: 'https://registry.npmjs.org/epoll/-/epoll-0.1.17.tgz' },
128 silly install resolved     _resolved: 'https://registry.npmjs.org/epoll/-/epoll-0.1.17.tgz',
128 silly install resolved     readme: 'ERROR: No README data found!' } ]
129 info install epoll@0.1.17 into C:\Users\Auz\dev\treat_tweet\node_modules\onoff
130 info installOne epoll@0.1.17
131 verbose installOne of epoll to C:\Users\Auz\dev\treat_tweet\node_modules\onoff not in flight; installing
132 verbose lock using C:\Users\Auz\AppData\Roaming\npm-cache\_locks\epoll-19f639c5f3157611.lock for C:\Users\Auz\dev\treat_tweet\node_modules\onoff\node_modules\epoll
133 silly install write writing epoll 0.1.17 to C:\Users\Auz\dev\treat_tweet\node_modules\onoff\node_modules\epoll
134 silly cache addNamed cb epoll@0.1.17
135 verbose unbuild node_modules\onoff\node_modules\epoll
136 verbose gentlyRm vacuuming C:\Users\Auz\dev\treat_tweet\node_modules\onoff\node_modules\epoll
137 verbose tar unpack C:\Users\Auz\AppData\Roaming\npm-cache\epoll\0.1.17\package.tgz
138 verbose tar unpacking to C:\Users\Auz\dev\treat_tweet\node_modules\onoff\node_modules\epoll
139 verbose gentlyRm vacuuming C:\Users\Auz\dev\treat_tweet\node_modules\onoff\node_modules\epoll
140 silly gunzTarPerm modes [ '777', '666' ]
141 silly gunzTarPerm extractEntry package.json
142 silly gunzTarPerm modified mode [ 'package.json', 436, 438 ]
143 silly gunzTarPerm extractEntry .npmignore
144 silly gunzTarPerm modified mode [ '.npmignore', 436, 438 ]
145 silly gunzTarPerm extractEntry README.md
146 silly gunzTarPerm modified mode [ 'README.md', 436, 438 ]
147 silly gunzTarPerm extractEntry LICENSE
148 silly gunzTarPerm modified mode [ 'LICENSE', 436, 438 ]
149 silly gunzTarPerm extractEntry epoll.js
150 silly gunzTarPerm modified mode [ 'epoll.js', 436, 438 ]
151 silly gunzTarPerm extractEntry History.md
152 silly gunzTarPerm modified mode [ 'History.md', 436, 438 ]
153 silly gunzTarPerm extractEntry binding.gyp
154 silly gunzTarPerm modified mode [ 'binding.gyp', 436, 438 ]
155 silly gunzTarPerm extractEntry example/interrupts-per-second/interrupts-per-second.js
156 silly gunzTarPerm modified mode [ 'example/interrupts-per-second/interrupts-per-second.js',
156 silly gunzTarPerm   436,
156 silly gunzTarPerm   438 ]
157 silly gunzTarPerm extractEntry example/interrupts-per-second/export
158 silly gunzTarPerm modified mode [ 'example/interrupts-per-second/export', 509, 511 ]
159 silly gunzTarPerm extractEntry example/interrupts-per-second/unexport
160 silly gunzTarPerm modified mode [ 'example/interrupts-per-second/unexport', 509, 511 ]
161 silly gunzTarPerm extractEntry example/watch-button/watch-button.js
162 silly gunzTarPerm modified mode [ 'example/watch-button/watch-button.js', 436, 438 ]
163 silly gunzTarPerm extractEntry example/watch-button/export
164 silly gunzTarPerm modified mode [ 'example/watch-button/export', 509, 511 ]
165 silly gunzTarPerm extractEntry example/watch-button/unexport
166 silly gunzTarPerm modified mode [ 'example/watch-button/unexport', 509, 511 ]
167 silly gunzTarPerm extractEntry src/epoll.cc
168 silly gunzTarPerm modified mode [ 'src/epoll.cc', 436, 438 ]
169 silly gunzTarPerm extractEntry src/epoll.h
170 silly gunzTarPerm modified mode [ 'src/epoll.h', 436, 438 ]
171 silly gunzTarPerm extractEntry test/brute-force-leak-check.js
172 silly gunzTarPerm modified mode [ 'test/brute-force-leak-check.js', 436, 438 ]
173 silly gunzTarPerm extractEntry test/do-almost-nothing.js
174 silly gunzTarPerm modified mode [ 'test/do-almost-nothing.js', 436, 438 ]
175 silly gunzTarPerm extractEntry test/do-nothing.js
176 silly gunzTarPerm modified mode [ 'test/do-nothing.js', 436, 438 ]
177 silly gunzTarPerm extractEntry test/no-gc-allowed.js
178 silly gunzTarPerm modified mode [ 'test/no-gc-allowed.js', 436, 438 ]
179 silly gunzTarPerm extractEntry test/closed.js
180 silly gunzTarPerm modified mode [ 'test/closed.js', 436, 438 ]
181 silly gunzTarPerm extractEntry test/performance-check.js
182 silly gunzTarPerm modified mode [ 'test/performance-check.js', 436, 438 ]
183 silly gunzTarPerm extractEntry test/util.js
184 silly gunzTarPerm modified mode [ 'test/util.js', 436, 438 ]
185 silly gunzTarPerm extractEntry test/two-shot.js
186 silly gunzTarPerm modified mode [ 'test/two-shot.js', 436, 438 ]
187 silly gunzTarPerm extractEntry test/verify-events.js
188 silly gunzTarPerm modified mode [ 'test/verify-events.js', 436, 438 ]
189 silly gunzTarPerm extractEntry test/one-shot.js
190 silly gunzTarPerm modified mode [ 'test/one-shot.js', 436, 438 ]
191 silly gunzTarPerm extractEntry test/run-tests
192 silly gunzTarPerm modified mode [ 'test/run-tests', 509, 511 ]
193 info preinstall epoll@0.1.17
194 silly prepareForInstallMany adding bindings@~1.2.1 from epoll dependencies
195 silly prepareForInstallMany adding nan@~2.2.0 from epoll dependencies
196 silly cache add args [ 'bindings@~1.2.1', null ]
197 verbose cache add spec bindings@~1.2.1
198 silly cache add args [ 'nan@~2.2.0', null ]
199 verbose cache add spec nan@~2.2.0
200 silly cache add parsed spec { raw: 'bindings@~1.2.1',
200 silly cache add   scope: null,
200 silly cache add   name: 'bindings',
200 silly cache add   rawSpec: '~1.2.1',
200 silly cache add   spec: '>=1.2.1 <1.3.0',
200 silly cache add   type: 'range' }
201 verbose addNamed bindings@>=1.2.1 <1.3.0
202 silly addNamed semver.valid null
203 silly addNamed semver.validRange >=1.2.1 <1.3.0
204 silly addNameRange { name: 'bindings', range: '>=1.2.1 <1.3.0', hasData: false }
205 silly mapToRegistry name bindings
206 silly mapToRegistry using default registry
207 silly mapToRegistry registry https://registry.npmjs.org/
208 silly mapToRegistry uri https://registry.npmjs.org/bindings
209 verbose addNameRange registry:https://registry.npmjs.org/bindings not in flight; fetching
210 silly cache add parsed spec { raw: 'nan@~2.2.0',
210 silly cache add   scope: null,
210 silly cache add   name: 'nan',
210 silly cache add   rawSpec: '~2.2.0',
210 silly cache add   spec: '>=2.2.0 <2.3.0',
210 silly cache add   type: 'range' }
211 verbose addNamed nan@>=2.2.0 <2.3.0
212 silly addNamed semver.valid null
213 silly addNamed semver.validRange >=2.2.0 <2.3.0
214 silly addNameRange { name: 'nan', range: '>=2.2.0 <2.3.0', hasData: false }
215 silly mapToRegistry name nan
216 silly mapToRegistry using default registry
217 silly mapToRegistry registry https://registry.npmjs.org/
218 silly mapToRegistry uri https://registry.npmjs.org/nan
219 verbose addNameRange registry:https://registry.npmjs.org/nan not in flight; fetching
220 verbose request uri https://registry.npmjs.org/bindings
221 verbose request no auth needed
222 info attempt registry request try #1 at 6:47:37 PM
223 verbose etag "1LLBF9OH58DLBEL4629U6032D"
224 http request GET https://registry.npmjs.org/bindings
225 verbose request uri https://registry.npmjs.org/nan
226 verbose request no auth needed
227 info attempt registry request try #1 at 6:47:37 PM
228 verbose etag "6Z4EXX0I7R2Q85BX0QTLIBJSY"
229 http request GET https://registry.npmjs.org/nan
230 http 304 https://registry.npmjs.org/bindings
231 silly get cb [ 304,
231 silly get   { date: 'Fri, 15 Apr 2016 23:47:38 GMT',
231 silly get     via: '1.1 varnish',
231 silly get     'cache-control': 'max-age=300',
231 silly get     etag: '"1LLBF9OH58DLBEL4629U6032D"',
231 silly get     age: '223',
231 silly get     connection: 'keep-alive',
231 silly get     'x-served-by': 'cache-ord1744-ORD',
231 silly get     'x-cache': 'HIT',
231 silly get     'x-cache-hits': '1',
231 silly get     'x-timer': 'S1460764058.092194,VS0,VE0',
231 silly get     vary: 'Accept-Encoding' } ]
232 verbose etag https://registry.npmjs.org/bindings from cache
233 verbose get saving bindings to C:\Users\Auz\AppData\Roaming\npm-cache\registry.npmjs.org\bindings\.cache.json
234 http 200 https://registry.npmjs.org/nan
235 silly get cb [ 200,
235 silly get   { server: 'CouchDB/1.5.0 (Erlang OTP/R16B03)',
235 silly get     etag: '"BAF0CH6FX7ZGID84VMUQ15OTR"',
235 silly get     'content-type': 'application/json',
235 silly get     'content-encoding': 'gzip',
235 silly get     'cache-control': 'max-age=300',
235 silly get     'content-length': '7941',
235 silly get     'accept-ranges': 'bytes',
235 silly get     date: 'Fri, 15 Apr 2016 23:47:38 GMT',
235 silly get     via: '1.1 varnish',
235 silly get     age: '82',
235 silly get     connection: 'keep-alive',
235 silly get     'x-served-by': 'cache-ord1727-ORD',
235 silly get     'x-cache': 'HIT',
235 silly get     'x-cache-hits': '180',
235 silly get     'x-timer': 'S1460764058.094533,VS0,VE0',
235 silly get     vary: 'Accept-Encoding' } ]
236 verbose get saving nan to C:\Users\Auz\AppData\Roaming\npm-cache\registry.npmjs.org\nan\.cache.json
237 silly addNameRange number 2 { name: 'bindings', range: '>=1.2.1 <1.3.0', hasData: true }
238 silly addNameRange versions [ 'bindings',
238 silly addNameRange   [ '0.0.1',
238 silly addNameRange     '0.1.0',
238 silly addNameRange     '0.1.1',
238 silly addNameRange     '0.2.0',
238 silly addNameRange     '0.2.1',
238 silly addNameRange     '0.2.2',
238 silly addNameRange     '0.2.3',
238 silly addNameRange     '0.2.4',
238 silly addNameRange     '0.3.0',
238 silly addNameRange     '0.4.0',
238 silly addNameRange     '1.0.0',
238 silly addNameRange     '1.1.0',
238 silly addNameRange     '1.1.1',
238 silly addNameRange     '1.2.0',
238 silly addNameRange     '1.2.1' ] ]
239 verbose addNamed bindings@1.2.1
240 silly addNamed semver.valid 1.2.1
241 silly addNamed semver.validRange 1.2.1
242 silly addNameRange number 2 { name: 'nan', range: '>=2.2.0 <2.3.0', hasData: true }
243 silly addNameRange versions [ 'nan',
243 silly addNameRange   [ '0.3.0-wip',
243 silly addNameRange     '0.3.0-wip2',
243 silly addNameRange     '0.3.0',
243 silly addNameRange     '0.3.1',
243 silly addNameRange     '0.3.2',
243 silly addNameRange     '0.4.0',
243 silly addNameRange     '0.4.1',
243 silly addNameRange     '0.4.2',
243 silly addNameRange     '0.4.3',
243 silly addNameRange     '0.4.4',
243 silly addNameRange     '0.5.0',
243 silly addNameRange     '0.5.1',
243 silly addNameRange     '0.5.2',
243 silly addNameRange     '0.6.0',
243 silly addNameRange     '0.7.0',
243 silly addNameRange     '0.7.1',
243 silly addNameRange     '0.8.0',
243 silly addNameRange     '1.0.0',
243 silly addNameRange     '1.1.0',
243 silly addNameRange     '1.1.1',
243 silly addNameRange     '1.1.2',
243 silly addNameRange     '1.2.0',
243 silly addNameRange     '1.3.0',
243 silly addNameRange     '1.4.0',
243 silly addNameRange     '1.4.1',
243 silly addNameRange     '1.5.0',
243 silly addNameRange     '1.4.2',
243 silly addNameRange     '1.4.3',
243 silly addNameRange     '1.5.1',
243 silly addNameRange     '1.5.2',
243 silly addNameRange     '1.6.0',
243 silly addNameRange     '1.5.3',
243 silly addNameRange     '1.6.1',
243 silly addNameRange     '1.6.2',
243 silly addNameRange     '1.7.0',
243 silly addNameRange     '1.8.0',
243 silly addNameRange     '1.8.1',
243 silly addNameRange     '1.8.2',
243 silly addNameRange     '1.8.3',
243 silly addNameRange     '1.8.4',
243 silly addNameRange     '1.9.0',
243 silly addNameRange     '2.0.0',
243 silly addNameRange     '2.0.1',
243 silly addNameRange     '2.0.2',
243 silly addNameRange     '2.0.3',
243 silly addNameRange     '2.0.4',
243 silly addNameRange     '2.0.5',
243 silly addNameRange     '2.0.6',
243 silly addNameRange     '2.0.7',
243 silly addNameRange     '2.0.8',
243 silly addNameRange     '2.0.9',
243 silly addNameRange     '2.1.0',
243 silly addNameRange     '2.2.0',
243 silly addNameRange     '2.2.1' ] ]
244 verbose addNamed nan@2.2.1
245 silly addNamed semver.valid 2.2.1
246 silly addNamed semver.validRange 2.2.1
247 silly cache afterAdd bindings@1.2.1
248 verbose afterAdd C:\Users\Auz\AppData\Roaming\npm-cache\bindings\1.2.1\package\package.json not in flight; writing
249 silly cache afterAdd nan@2.2.1
250 verbose afterAdd C:\Users\Auz\AppData\Roaming\npm-cache\nan\2.2.1\package\package.json not in flight; writing
251 verbose afterAdd C:\Users\Auz\AppData\Roaming\npm-cache\bindings\1.2.1\package\package.json written
252 verbose afterAdd C:\Users\Auz\AppData\Roaming\npm-cache\nan\2.2.1\package\package.json written
253 silly install resolved [ { name: 'bindings',
253 silly install resolved     description: 'Helper module for loading your native module\'s .node file',
253 silly install resolved     keywords: [ 'native', 'addon', 'bindings', 'gyp', 'waf', 'c', 'c++' ],
253 silly install resolved     version: '1.2.1',
253 silly install resolved     author:
253 silly install resolved      { name: 'Nathan Rajlich',
253 silly install resolved        email: 'nathan@tootallnate.net',
253 silly install resolved        url: 'http://tootallnate.net' },
253 silly install resolved     repository:
253 silly install resolved      { type: 'git',
253 silly install resolved        url: 'git://github.com/TooTallNate/node-bindings.git' },
253 silly install resolved     main: './bindings.js',
253 silly install resolved     bugs: { url: 'https://github.com/TooTallNate/node-bindings/issues' },
253 silly install resolved     homepage: 'https://github.com/TooTallNate/node-bindings',
253 silly install resolved     license: 'MIT',
253 silly install resolved     gitHead: 'e404152ee27f8478ccbc7122ee051246e8e5ec02',
253 silly install resolved     _id: 'bindings@1.2.1',
253 silly install resolved     scripts: {},
253 silly install resolved     _shasum: '14ad6113812d2d37d72e67b4cacb4bb726505f11',
253 silly install resolved     _from: 'bindings@>=1.2.1 <1.3.0',
253 silly install resolved     _npmVersion: '1.4.14',
253 silly install resolved     _npmUser: { name: 'tootallnate', email: 'nathan@tootallnate.net' },
253 silly install resolved     maintainers: [ [Object], [Object] ],
253 silly install resolved     dist:
253 silly install resolved      { shasum: '14ad6113812d2d37d72e67b4cacb4bb726505f11',
253 silly install resolved        tarball: 'http://registry.npmjs.org/bindings/-/bindings-1.2.1.tgz' },
253 silly install resolved     directories: {},
253 silly install resolved     _resolved: 'https://registry.npmjs.org/bindings/-/bindings-1.2.1.tgz',
253 silly install resolved     readme: 'ERROR: No README data found!' },
253 silly install resolved   { name: 'nan',
253 silly install resolved     version: '2.2.1',
253 silly install resolved     description: 'Native Abstractions for Node.js: C++ header for Node 0.8 -> 4 compatibility',
253 silly install resolved     main: 'include_dirs.js',
253 silly install resolved     repository: { type: 'git', url: 'git://github.com/nodejs/nan.git' },
253 silly install resolved     scripts:
253 silly install resolved      { test: 'tap --gc test/js/*-test.js',
253 silly install resolved        'rebuild-tests': 'node-gyp rebuild --msvs_version=2013 --directory test',
253 silly install resolved        docs: 'doc/.build.sh' },
253 silly install resolved     contributors:
253 silly install resolved      [ [Object],
253 silly install resolved        [Object],
253 silly install resolved        [Object],
253 silly install resolved        [Object],
253 silly install resolved        [Object],
253 silly install resolved        [Object],
253 silly install resolved        [Object] ],
253 silly install resolved     devDependencies:
253 silly install resolved      { bindings: '~1.2.1',
253 silly install resolved        commander: '^2.8.1',
253 silly install resolved        glob: '^5.0.14',
253 silly install resolved        'node-gyp': '~3.0.1',
253 silly install resolved        tap: '~0.7.1',
253 silly install resolved        xtend: '~4.0.0' },
253 silly install resolved     license: 'MIT',
253 silly install resolved     bugs: { url: 'https://github.com/nodejs/nan/issues' },
253 silly install resolved     homepage: 'https://github.com/nodejs/nan#readme',
253 silly install resolved     _id: 'nan@2.2.1',
253 silly install resolved     _shasum: 'd68693f6b34bb41d66bc68b3a4f9defc79d7149b',
253 silly install resolved     _resolved: 'https://registry.npmjs.org/nan/-/nan-2.2.1.tgz',
253 silly install resolved     _from: 'nan@>=2.2.0 <2.3.0',
253 silly install resolved     _npmVersion: '3.3.6',
253 silly install resolved     _nodeVersion: '5.0.0',
253 silly install resolved     _npmUser: { name: 'kkoopa', email: 'bbyholm@abo.fi' },
253 silly install resolved     dist:
253 silly install resolved      { shasum: 'd68693f6b34bb41d66bc68b3a4f9defc79d7149b',
253 silly install resolved        tarball: 'https://registry.npmjs.org/nan/-/nan-2.2.1.tgz' },
253 silly install resolved     maintainers: [ [Object], [Object] ],
253 silly install resolved     _npmOperationalInternal:
253 silly install resolved      { host: 'packages-12-west.internal.npmjs.com',
253 silly install resolved        tmp: 'tmp/nan-2.2.1.tgz_1459265439909_0.12396649201400578' },
253 silly install resolved     directories: {},
253 silly install resolved     readme: 'ERROR: No README data found!' } ]
254 info install bindings@1.2.1 into C:\Users\Auz\dev\treat_tweet\node_modules\onoff\node_modules\epoll
255 info install nan@2.2.1 into C:\Users\Auz\dev\treat_tweet\node_modules\onoff\node_modules\epoll
256 info installOne bindings@1.2.1
257 verbose installOne of bindings to C:\Users\Auz\dev\treat_tweet\node_modules\onoff\node_modules\epoll not in flight; installing
258 info installOne nan@2.2.1
259 verbose installOne of nan to C:\Users\Auz\dev\treat_tweet\node_modules\onoff\node_modules\epoll not in flight; installing
260 verbose lock using C:\Users\Auz\AppData\Roaming\npm-cache\_locks\bindings-59e6c244327a9755.lock for C:\Users\Auz\dev\treat_tweet\node_modules\onoff\node_modules\epoll\node_modules\bindings
261 verbose lock using C:\Users\Auz\AppData\Roaming\npm-cache\_locks\nan-37365a56fedc0241.lock for C:\Users\Auz\dev\treat_tweet\node_modules\onoff\node_modules\epoll\node_modules\nan
262 silly install write writing bindings 1.2.1 to C:\Users\Auz\dev\treat_tweet\node_modules\onoff\node_modules\epoll\node_modules\bindings
263 silly cache addNamed cb bindings@1.2.1
264 verbose unbuild node_modules\onoff\node_modules\epoll\node_modules\bindings
265 silly install write writing nan 2.2.1 to C:\Users\Auz\dev\treat_tweet\node_modules\onoff\node_modules\epoll\node_modules\nan
266 silly cache addNamed cb nan@2.2.1
267 verbose unbuild node_modules\onoff\node_modules\epoll\node_modules\nan
268 verbose gentlyRm vacuuming C:\Users\Auz\dev\treat_tweet\node_modules\onoff\node_modules\epoll\node_modules\bindings
269 verbose gentlyRm vacuuming C:\Users\Auz\dev\treat_tweet\node_modules\onoff\node_modules\epoll\node_modules\nan
270 verbose tar unpack C:\Users\Auz\AppData\Roaming\npm-cache\bindings\1.2.1\package.tgz
271 verbose tar unpacking to C:\Users\Auz\dev\treat_tweet\node_modules\onoff\node_modules\epoll\node_modules\bindings
272 verbose gentlyRm vacuuming C:\Users\Auz\dev\treat_tweet\node_modules\onoff\node_modules\epoll\node_modules\bindings
273 verbose tar unpack C:\Users\Auz\AppData\Roaming\npm-cache\nan\2.2.1\package.tgz
274 verbose tar unpacking to C:\Users\Auz\dev\treat_tweet\node_modules\onoff\node_modules\epoll\node_modules\nan
275 verbose gentlyRm vacuuming C:\Users\Auz\dev\treat_tweet\node_modules\onoff\node_modules\epoll\node_modules\nan
276 silly gunzTarPerm modes [ '777', '666' ]
277 silly gunzTarPerm modes [ '777', '666' ]
278 silly gunzTarPerm extractEntry package.json
279 silly gunzTarPerm modified mode [ 'package.json', 420, 438 ]
280 silly gunzTarPerm extractEntry package.json
281 silly gunzTarPerm modified mode [ 'package.json', 436, 438 ]
282 silly gunzTarPerm extractEntry README.md
283 silly gunzTarPerm modified mode [ 'README.md', 420, 438 ]
284 silly gunzTarPerm extractEntry bindings.js
285 silly gunzTarPerm modified mode [ 'bindings.js', 420, 438 ]
286 silly gunzTarPerm extractEntry include_dirs.js
287 silly gunzTarPerm modified mode [ 'include_dirs.js', 436, 438 ]
288 silly gunzTarPerm extractEntry nan_converters.h
289 silly gunzTarPerm modified mode [ 'nan_converters.h', 436, 438 ]
290 silly gunzTarPerm extractEntry LICENSE.md
291 silly gunzTarPerm modified mode [ 'LICENSE.md', 436, 438 ]
292 silly gunzTarPerm extractEntry .dntrc
293 silly gunzTarPerm modified mode [ '.dntrc', 436, 438 ]
294 silly gunzTarPerm extractEntry appveyor.yml
295 silly gunzTarPerm modified mode [ 'appveyor.yml', 436, 438 ]
296 silly gunzTarPerm extractEntry doc/new.md
297 silly gunzTarPerm modified mode [ 'doc/new.md', 436, 438 ]
298 silly gunzTarPerm extractEntry doc/.build.sh
299 silly gunzTarPerm modified mode [ 'doc/.build.sh', 509, 511 ]
300 silly gunzTarPerm extractEntry doc/buffers.md
301 silly gunzTarPerm modified mode [ 'doc/buffers.md', 436, 438 ]
302 silly gunzTarPerm extractEntry doc/callback.md
303 silly gunzTarPerm modified mode [ 'doc/callback.md', 436, 438 ]
304 info preinstall bindings@1.2.1
305 silly install resolved []
306 verbose about to build C:\Users\Auz\dev\treat_tweet\node_modules\onoff\node_modules\epoll\node_modules\bindings
307 info build C:\Users\Auz\dev\treat_tweet\node_modules\onoff\node_modules\epoll\node_modules\bindings
308 verbose linkStuff [ false,
308 verbose linkStuff   false,
308 verbose linkStuff   false,
308 verbose linkStuff   'C:\\Users\\Auz\\dev\\treat_tweet\\node_modules\\onoff\\node_modules\\epoll\\node_modules' ]
309 info linkStuff bindings@1.2.1
310 verbose linkBins bindings@1.2.1
311 verbose linkMans bindings@1.2.1
312 verbose rebuildBundles bindings@1.2.1
313 silly gunzTarPerm extractEntry doc/converters.md
314 silly gunzTarPerm modified mode [ 'doc/converters.md', 436, 438 ]
315 silly gunzTarPerm extractEntry doc/errors.md
316 silly gunzTarPerm modified mode [ 'doc/errors.md', 436, 438 ]
317 info install bindings@1.2.1
318 info postinstall bindings@1.2.1
319 verbose unlock done using C:\Users\Auz\AppData\Roaming\npm-cache\_locks\bindings-59e6c244327a9755.lock for C:\Users\Auz\dev\treat_tweet\node_modules\onoff\node_modules\epoll\node_modules\bindings
320 silly gunzTarPerm extractEntry doc/maybe_types.md
321 silly gunzTarPerm modified mode [ 'doc/maybe_types.md', 436, 438 ]
322 silly gunzTarPerm extractEntry doc/methods.md
323 silly gunzTarPerm modified mode [ 'doc/methods.md', 436, 438 ]
324 silly gunzTarPerm extractEntry doc/asyncworker.md
325 silly gunzTarPerm modified mode [ 'doc/asyncworker.md', 436, 438 ]
326 silly gunzTarPerm extractEntry doc/node_misc.md
327 silly gunzTarPerm modified mode [ 'doc/node_misc.md', 436, 438 ]
328 silly gunzTarPerm extractEntry doc/object_wrappers.md
329 silly gunzTarPerm modified mode [ 'doc/object_wrappers.md', 436, 438 ]
330 silly gunzTarPerm extractEntry doc/persistent.md
331 silly gunzTarPerm modified mode [ 'doc/persistent.md', 436, 438 ]
332 silly gunzTarPerm extractEntry doc/scopes.md
333 silly gunzTarPerm modified mode [ 'doc/scopes.md', 436, 438 ]
334 silly gunzTarPerm extractEntry doc/script.md
335 silly gunzTarPerm modified mode [ 'doc/script.md', 436, 438 ]
336 silly gunzTarPerm extractEntry doc/string_bytes.md
337 silly gunzTarPerm modified mode [ 'doc/string_bytes.md', 436, 438 ]
338 silly gunzTarPerm extractEntry doc/v8_internals.md
339 silly gunzTarPerm modified mode [ 'doc/v8_internals.md', 436, 438 ]
340 silly gunzTarPerm extractEntry doc/v8_misc.md
341 silly gunzTarPerm modified mode [ 'doc/v8_misc.md', 436, 438 ]
342 silly gunzTarPerm extractEntry nan.h
343 silly gunzTarPerm modified mode [ 'nan.h', 436, 438 ]
344 silly gunzTarPerm extractEntry nan_callbacks.h
345 silly gunzTarPerm modified mode [ 'nan_callbacks.h', 436, 438 ]
346 silly gunzTarPerm extractEntry nan_callbacks_12_inl.h
347 silly gunzTarPerm modified mode [ 'nan_callbacks_12_inl.h', 436, 438 ]
348 silly gunzTarPerm extractEntry nan_callbacks_pre_12_inl.h
349 silly gunzTarPerm modified mode [ 'nan_callbacks_pre_12_inl.h', 436, 438 ]
350 silly gunzTarPerm extractEntry nan_converters_43_inl.h
351 silly gunzTarPerm modified mode [ 'nan_converters_43_inl.h', 436, 438 ]
352 silly gunzTarPerm extractEntry nan_converters_pre_43_inl.h
353 silly gunzTarPerm modified mode [ 'nan_converters_pre_43_inl.h', 436, 438 ]
354 silly gunzTarPerm extractEntry nan_implementation_12_inl.h
355 silly gunzTarPerm modified mode [ 'nan_implementation_12_inl.h', 436, 438 ]
356 silly gunzTarPerm extractEntry nan_implementation_pre_12_inl.h
357 silly gunzTarPerm modified mode [ 'nan_implementation_pre_12_inl.h', 436, 438 ]
358 silly gunzTarPerm extractEntry nan_maybe_43_inl.h
359 silly gunzTarPerm modified mode [ 'nan_maybe_43_inl.h', 436, 438 ]
360 silly gunzTarPerm extractEntry nan_maybe_pre_43_inl.h
361 silly gunzTarPerm modified mode [ 'nan_maybe_pre_43_inl.h', 436, 438 ]
362 silly gunzTarPerm extractEntry nan_new.h
363 silly gunzTarPerm modified mode [ 'nan_new.h', 436, 438 ]
364 silly gunzTarPerm extractEntry nan_object_wrap.h
365 silly gunzTarPerm modified mode [ 'nan_object_wrap.h', 436, 438 ]
366 silly gunzTarPerm extractEntry nan_persistent_12_inl.h
367 silly gunzTarPerm modified mode [ 'nan_persistent_12_inl.h', 436, 438 ]
368 silly gunzTarPerm extractEntry nan_persistent_pre_12_inl.h
369 silly gunzTarPerm modified mode [ 'nan_persistent_pre_12_inl.h', 436, 438 ]
370 silly gunzTarPerm extractEntry nan_string_bytes.h
371 silly gunzTarPerm modified mode [ 'nan_string_bytes.h', 436, 438 ]
372 silly gunzTarPerm extractEntry nan_typedarray_contents.h
373 silly gunzTarPerm modified mode [ 'nan_typedarray_contents.h', 436, 438 ]
374 silly gunzTarPerm extractEntry nan_weak.h
375 silly gunzTarPerm modified mode [ 'nan_weak.h', 436, 438 ]
376 silly gunzTarPerm extractEntry CHANGELOG.md
377 silly gunzTarPerm modified mode [ 'CHANGELOG.md', 436, 438 ]
378 silly gunzTarPerm extractEntry tools/package.json
379 silly gunzTarPerm modified mode [ 'tools/package.json', 436, 438 ]
380 silly gunzTarPerm extractEntry tools/README.md
381 silly gunzTarPerm modified mode [ 'tools/README.md', 436, 438 ]
382 silly gunzTarPerm extractEntry tools/1to2.js
383 silly gunzTarPerm modified mode [ 'tools/1to2.js', 509, 511 ]
384 info preinstall nan@2.2.1
385 silly install resolved []
386 verbose about to build C:\Users\Auz\dev\treat_tweet\node_modules\onoff\node_modules\epoll\node_modules\nan
387 info build C:\Users\Auz\dev\treat_tweet\node_modules\onoff\node_modules\epoll\node_modules\nan
388 verbose linkStuff [ false,
388 verbose linkStuff   false,
388 verbose linkStuff   false,
388 verbose linkStuff   'C:\\Users\\Auz\\dev\\treat_tweet\\node_modules\\onoff\\node_modules\\epoll\\node_modules' ]
389 info linkStuff nan@2.2.1
390 verbose linkBins nan@2.2.1
391 verbose linkMans nan@2.2.1
392 verbose rebuildBundles nan@2.2.1
393 info install nan@2.2.1
394 info postinstall nan@2.2.1
395 verbose unlock done using C:\Users\Auz\AppData\Roaming\npm-cache\_locks\nan-37365a56fedc0241.lock for C:\Users\Auz\dev\treat_tweet\node_modules\onoff\node_modules\epoll\node_modules\nan
396 verbose about to build C:\Users\Auz\dev\treat_tweet\node_modules\onoff\node_modules\epoll
397 info build C:\Users\Auz\dev\treat_tweet\node_modules\onoff\node_modules\epoll
398 verbose linkStuff [ false,
398 verbose linkStuff   false,
398 verbose linkStuff   false,
398 verbose linkStuff   'C:\\Users\\Auz\\dev\\treat_tweet\\node_modules\\onoff\\node_modules' ]
399 info linkStuff epoll@0.1.17
400 verbose linkBins epoll@0.1.17
401 verbose linkMans epoll@0.1.17
402 verbose rebuildBundles epoll@0.1.17
403 verbose rebuildBundles [ 'bindings', 'nan' ]
404 info install epoll@0.1.17
405 verbose unsafe-perm in lifecycle true
406 info epoll@0.1.17 Failed to exec install script
407 verbose unlock done using C:\Users\Auz\AppData\Roaming\npm-cache\_locks\epoll-19f639c5f3157611.lock for C:\Users\Auz\dev\treat_tweet\node_modules\onoff\node_modules\epoll
408 verbose about to build C:\Users\Auz\dev\treat_tweet\node_modules\onoff
409 verbose unlock done using C:\Users\Auz\AppData\Roaming\npm-cache\_locks\onoff-a9649551887e2167.lock for C:\Users\Auz\dev\treat_tweet\node_modules\onoff
410 verbose stack Error: epoll@0.1.17 install: `node-gyp rebuild`
410 verbose stack Exit status 1
410 verbose stack     at EventEmitter.<anonymous> (C:\Program Files\nodejs\node_modules\npm\lib\utils\lifecycle.js:213:16)
410 verbose stack     at EventEmitter.emit (events.js:110:17)
410 verbose stack     at ChildProcess.<anonymous> (C:\Program Files\nodejs\node_modules\npm\lib\utils\spawn.js:14:12)
410 verbose stack     at ChildProcess.emit (events.js:110:17)
410 verbose stack     at maybeClose (child_process.js:1008:16)
410 verbose stack     at Process.ChildProcess._handle.onexit (child_process.js:1080:5)
411 verbose pkgid epoll@0.1.17
412 verbose cwd C:\Users\Auz\dev\treat_tweet
413 error Windows_NT 6.3.9600
414 error argv "C:\\Program Files\\nodejs\\\\node.exe" "C:\\Program Files\\nodejs\\node_modules\\npm\\bin\\npm-cli.js" "install" "onoff" "--save"
415 error node v0.12.0
416 error npm  v2.5.1
417 error code ELIFECYCLE
418 error epoll@0.1.17 install: `node-gyp rebuild`
418 error Exit status 1
419 error Failed at the epoll@0.1.17 install script 'node-gyp rebuild'.
419 error This is most likely a problem with the epoll package,
419 error not with npm itself.
419 error Tell the author that this fails on your system:
419 error     node-gyp rebuild
419 error You can get their info via:
419 error     npm owner ls epoll
419 error There is likely additional logging output above.
420 verbose exit [ 1, true ]
421 verbose unbuild node_modules\onoff\node_modules\epoll
422 info preuninstall epoll@0.1.17
423 info uninstall epoll@0.1.17
424 verbose unbuild rmStuff epoll@0.1.17 from C:\Users\Auz\dev\treat_tweet\node_modules
425 verbose unbuild rmStuff in C:\Users\Auz\dev\treat_tweet\node_modules\onoff\node_modules
426 info postuninstall epoll@0.1.17
427 verbose gentlyRm vacuuming C:\Users\Auz\dev\treat_tweet\node_modules\onoff\node_modules\epoll
428 silly gentlyRm purging C:\Users\Auz\dev\treat_tweet\node_modules\onoff\node_modules\epoll
429 silly gentlyRm removing C:\Users\Auz\dev\treat_tweet\node_modules\onoff\node_modules
430 silly gentlyRm quitting because other entries in C:\Users\Auz\dev\treat_tweet\node_modules\onoff
431 verbose unbuild node_modules\onoff
432 info preuninstall onoff@1.0.4
433 info uninstall onoff@1.0.4
434 verbose unbuild rmStuff onoff@1.0.4 from C:\Users\Auz\dev\treat_tweet\node_modules
435 info postuninstall onoff@1.0.4
436 verbose gentlyRm vacuuming C:\Users\Auz\dev\treat_tweet\node_modules\onoff
437 silly gentlyRm purging C:\Users\Auz\dev\treat_tweet\node_modules\onoff
438 silly gentlyRm quitting because other entries in C:\Users\Auz\dev\treat_tweet\node_modules
